This file contains any messages produced by compilers while
running configure, to aid debugging if configure makes a mistake.

It was created by arc-icon-theme configure 20161122, which was
generated by GNU Autoconf 2.69.  Invocation command line was

  $ /opt/build/arc-icon-theme/configure --prefix=/usr

## --------- ##
## Platform. ##
## --------- ##

hostname = aj-thinkpad
uname -m = x86_64
uname -r = 4.15.0-20-generic
uname -s = Linux
uname -v = #21-Ubuntu SMP Tue Apr 24 06:16:15 UTC 2018

/usr/bin/uname -p = unknown
/bin/uname -X     = unknown

/bin/arch              = unknown
/usr/bin/arch -k       = unknown
/usr/convex/getsysinfo = unknown
/usr/bin/hostinfo      = unknown
/bin/machine           = unknown
/usr/bin/oslevel       = unknown
/bin/universe          = unknown

PATH: /usr/local/sbin
PATH: /usr/local/bin
PATH: /usr/sbin
PATH: /usr/bin
PATH: /sbin
PATH: /bin
PATH: /snap/bin


## ----------- ##
## Core tests. ##
## ----------- ##

configure:1770: checking for a BSD-compatible install
configure:1838: result: /usr/bin/install -c
configure:1849: checking whether build environment is sane
configure:1904: result: yes
configure:2055: checking for a thread-safe mkdir -p
configure:2094: result: /bin/mkdir -p
configure:2101: checking for gawk
configure:2117: found /usr/bin/gawk
configure:2128: result: gawk
configure:2139: checking whether make sets $(MAKE)
configure:2161: result: yes
configure:2190: checking whether make supports nested variables
configure:2207: result: yes
configure:2482: checking that generated files are newer than configure
configure:2488: result: done
configure:2496: creating ./config.status

## ---------------------- ##
## Running config.status. ##
## ---------------------- ##

This file was extended by arc-icon-theme config.status 20161122, which was
generated by GNU Autoconf 2.69.  Invocation command line was

  CONFIG_FILES    = 
  CONFIG_HEADERS  = 
  CONFIG_LINKS    = 
  CONFIG_COMMANDS = 
  $ ./config.status 

on aj-thinkpad

config.status:747: creating Makefile

## ---------------- ##
## Cache variables. ##
## ---------------- ##

ac_cv_env_build_alias_set=
ac_cv_env_build_alias_value=
ac_cv_env_host_alias_set=
ac_cv_env_host_alias_value=
ac_cv_env_target_alias_set=
ac_cv_env_target_alias_value=
ac_cv_path_install='/usr/bin/install -c'
ac_cv_path_mkdir=/bin/mkdir
ac_cv_prog_AWK=gawk
ac_cv_prog_make_make_set=yes
am_cv_make_support_nested_variables=yes

## ----------------- ##
## Output variables. ##
## ----------------- ##

'
ACLOCAL='${SHELL} /opt/build/arc-icon-theme/missing aclocal-1.15'
AMTAR='$${TAR-tar}'
AM_BACKSLASH='\'
AM_DEFAULT_V='$(AM_DEFAULT_VERBOSITY)'
AM_DEFAULT_VERBOSITY='1'
AM_V='$(V)'
AUTOCONF='${SHELL} /opt/build/arc-icon-theme/missing autoconf'
AUTOHEADER='${SHELL} /opt/build/arc-icon-theme/missing autoheader'
AUTOMAKE='${SHELL} /opt/build/arc-icon-theme/missing automake-1.15'
AWK='gawk'
CYGPATH_W='echo'
DEFS='-DPACKAGE_NAME=\"arc-icon-theme\" -DPACKAGE_TARNAME=\"arc-icon-theme\" -DPACKAGE_VERSION=\"20161122\" -DPACKAGE_STRING=\"arc-icon-theme\ 20161122\" -DPACKAGE_BUGREPORT=\"https://github.com/horst3180/arc-icon-theme/issues\" -DPACKAGE_URL=\"https://github.com/horst3180/arc-icon-theme -DPACKAGE=\"arc-icon-theme\" -DVERSION=\"20161122\"'
ECHO_C=''
ECHO_N='-n'
ECHO_T=''
INSTALL_DATA='${INSTALL} -m 644'
INSTALL_PROGRAM='${INSTALL}'
INSTALL_SCRIPT='${INSTALL}'
INSTALL_STRIP_PROGRAM='$(install_sh) -c -s'
LIBOBJS=''
LIBS=''
LTLIBOBJS=''
MAKEINFO='${SHELL} /opt/build/arc-icon-theme/missing makeinfo'
MKDIR_P='/bin/mkdir -p'
PACKAGE='arc-icon-theme'
PACKAGE_BUGREPORT='https://github.com/horst3180/arc-icon-theme/issues'
PACKAGE_NAME='arc-icon-theme'
PACKAGE_STRING='arc-icon-theme 20161122'
PACKAGE_TARNAME='arc-icon-theme'
PACKAGE_URL='https://github.com/horst3180/arc-icon-theme
PACKAGE_VERSION='20161122'
PATH_SEPARATOR=':'
SET_MAKE=''
SHELL='/bin/bash'
STRIP=''
VERSION='20161122'
am__isrc=' -I$(srcdir)'
am__leading_dot='.'
am__tar='$${TAR-tar} chof - "$$tardir"'
am__untar='$${TAR-tar} xf -'
bindir='${exec_prefix}/bin'
build_alias=''
datadir='${datarootdir}'
datarootdir='${prefix}/share'
docdir='${datarootdir}/doc/${PACKAGE_TARNAME}'
dvidir='${docdir}'
exec_prefix='${prefix}'
host_alias=''
htmldir='${docdir}'
includedir='${prefix}/include'
infodir='${datarootdir}/info'
install_sh='${SHELL} /opt/build/arc-icon-theme/install-sh'
libdir='${exec_prefix}/lib'
libexecdir='${exec_prefix}/libexec'
localedir='${datarootdir}/locale'
localstatedir='${prefix}/var'
mandir='${datarootdir}/man'
mkdir_p='$(MKDIR_P)'
oldincludedir='/usr/include'
pdfdir='${docdir}'
prefix='/usr'
program_transform_name='s,x,x,'
psdir='${docdir}'
runstatedir='${localstatedir}/run'
sbindir='${exec_prefix}/sbin'
sharedstatedir='${prefix}/com'
sysconfdir='${prefix}/etc'
target_alias=''

## ----------- ##
## confdefs.h. ##
## ----------- ##

/* confdefs.h */
#define PACKAGE_NAME "arc-icon-theme"
#define PACKAGE_TARNAME "arc-icon-theme"
#define PACKAGE_VERSION "20161122"
#define PACKAGE_STRING "arc-icon-theme 20161122"
#define PACKAGE_BUGREPORT "https://github.com/horst3180/arc-icon-theme/issues"
#define PACKAGE_URL "https://github.com/horst3180/arc-icon-theme
"
#define PACKAGE "arc-icon-theme"
#define VERSION "20161122"

configure: exit 0
